<?xml version="1.0" encoding="UTF-8"?>
<!-- Generated by org.testng.reporters.JUnitXMLReporter -->
<testsuite hostname="DESKTOP-LTL258K" ignored="0" name="Test" tests="2" failures="1" timestamp="12 Oct 2019 03:52:43 GMT" time="59.128" errors="0">
  <testcase name="invalidlogin" time="34.714" classname="testcases.Login"/>
  <testcase name="NewUserRegistration" time="22.524" classname="testcases.Register">
    <failure type="java.lang.NullPointerException">
      <![CDATA[java.lang.NullPointerException
	at testcases.Register.NewUserRegistration(Register.java:43)
... Removed 28 stack frames]]>
    </failure>
  </testcase> <!-- NewUserRegistration -->
</testsuite> <!-- Test -->
