<?xml version="1.0" encoding="UTF-8"?>
<testng-results skipped="0" failed="1" ignored="0" total="2" passed="1">
  <reporter-output>
  </reporter-output>
  <suite name="Suite" duration-ms="59128" started-at="2019-10-12T03:51:44Z" finished-at="2019-10-12T03:52:43Z">
    <groups>
    </groups>
    <test name="Test" duration-ms="59128" started-at="2019-10-12T03:51:44Z" finished-at="2019-10-12T03:52:43Z">
      <class name="testcases.Login">
        <test-method status="PASS" signature="invalidlogin()[pri:0, instance:testcases.Login@6b71769e]" name="invalidlogin" duration-ms="34714" started-at="2019-10-12T09:21:44Z" finished-at="2019-10-12T09:22:19Z">
          <reporter-output>
          </reporter-output>
        </test-method> <!-- invalidlogin -->
        <test-method status="PASS" signature="tearDown()[pri:0, instance:testcases.Login@6b71769e]" name="tearDown" is-config="true" duration-ms="1079" started-at="2019-10-12T09:22:19Z" finished-at="2019-10-12T09:22:20Z">
          <reporter-output>
          </reporter-output>
        </test-method> <!-- tearDown -->
      </class> <!-- testcases.Login -->
      <class name="testcases.Register">
        <test-method status="FAIL" signature="NewUserRegistration()[pri:0, instance:testcases.Register@2752f6e2]" name="NewUserRegistration" duration-ms="22524" started-at="2019-10-12T09:22:20Z" finished-at="2019-10-12T09:22:43Z">
          <exception class="java.lang.NullPointerException">
            <full-stacktrace>
              <![CDATA[java.lang.NullPointerException
	at testcases.Register.NewUserRegistration(Register.java:43)
	at sun.reflect.NativeMethodAccessorImpl.invoke0(Native Method)
	at sun.reflect.NativeMethodAccessorImpl.invoke(NativeMethodAccessorImpl.java:62)
	at sun.reflect.DelegatingMethodAccessorImpl.invoke(DelegatingMethodAccessorImpl.java:43)
	at java.lang.reflect.Method.invoke(Method.java:498)
	at org.testng.internal.MethodInvocationHelper.invokeMethod(MethodInvocationHelper.java:108)
	at org.testng.internal.Invoker.invokeMethod(Invoker.java:661)
	at org.testng.internal.Invoker.invokeTestMethod(Invoker.java:869)
	at org.testng.internal.Invoker.invokeTestMethods(Invoker.java:1193)
	at org.testng.internal.TestMethodWorker.invokeTestMethods(TestMethodWorker.java:126)
	at org.testng.internal.TestMethodWorker.run(TestMethodWorker.java:109)
	at org.testng.TestRunner.privateRun(TestRunner.java:744)
	at org.testng.TestRunner.run(TestRunner.java:602)
	at org.testng.SuiteRunner.runTest(SuiteRunner.java:380)
	at org.testng.SuiteRunner.runSequentially(SuiteRunner.java:375)
	at org.testng.SuiteRunner.privateRun(SuiteRunner.java:340)
	at org.testng.SuiteRunner.run(SuiteRunner.java:289)
	at org.testng.SuiteRunnerWorker.runSuite(SuiteRunnerWorker.java:52)
	at org.testng.SuiteRunnerWorker.run(SuiteRunnerWorker.java:86)
	at org.testng.TestNG.runSuitesSequentially(TestNG.java:1301)
	at org.testng.TestNG.runSuitesLocally(TestNG.java:1226)
	at org.testng.TestNG.runSuites(TestNG.java:1144)
	at org.testng.TestNG.run(TestNG.java:1115)
	at org.apache.maven.surefire.testng.TestNGExecutor.run(TestNGExecutor.java:295)
	at org.apache.maven.surefire.testng.TestNGXmlTestSuite.execute(TestNGXmlTestSuite.java:84)
	at org.apache.maven.surefire.testng.TestNGProvider.invoke(TestNGProvider.java:90)
	at org.apache.maven.surefire.booter.ForkedBooter.invokeProviderInSameClassLoader(ForkedBooter.java:203)
	at org.apache.maven.surefire.booter.ForkedBooter.runSuitesInProcess(ForkedBooter.java:155)
	at org.apache.maven.surefire.booter.ForkedBooter.main(ForkedBooter.java:103)
]]>
            </full-stacktrace>
          </exception> <!-- java.lang.NullPointerException -->
          <reporter-output>
          </reporter-output>
        </test-method> <!-- NewUserRegistration -->
        <test-method status="PASS" signature="tearDown()[pri:0, instance:testcases.Register@2752f6e2]" name="tearDown" is-config="true" duration-ms="783" started-at="2019-10-12T09:22:43Z" finished-at="2019-10-12T09:22:43Z">
          <reporter-output>
          </reporter-output>
        </test-method> <!-- tearDown -->
      </class> <!-- testcases.Register -->
    </test> <!-- Test -->
  </suite> <!-- Suite -->
</testng-results>
